[debug] [2021-02-27T09:19:55.915Z] ----------------------------------------------------------------------
[debug] [2021-02-27T09:19:55.919Z] Command:       C:\Program Files\nodejs\node.exe C:\Users\imyamasawa\AppData\Roaming\npm\node_modules\firebase-tools\lib\bin\firebase.js emulators:start --only functions
[debug] [2021-02-27T09:19:55.920Z] CLI Version:   9.5.0
[debug] [2021-02-27T09:19:55.920Z] Platform:      win32
[debug] [2021-02-27T09:19:55.920Z] Node Version:  v15.6.0
[debug] [2021-02-27T09:19:55.930Z] Time:          Sat Feb 27 2021 17:19:55 GMT+0800 (Philippine Standard Time)
[debug] [2021-02-27T09:19:55.930Z] ----------------------------------------------------------------------
[debug] [2021-02-27T09:19:55.930Z] 
[debug] [2021-02-27T09:19:55.950Z] > command requires scopes: ["email","openid","https://www.googleapis.com/auth/cloudplatformprojects.readonly","https://www.googleapis.com/auth/firebase","https://www.googleapis.com/auth/cloud-platform"]
[debug] [2021-02-27T09:19:55.951Z] > authorizing via signed-in user
[info] i  emulators: Starting emulators: functions {"metadata":{"emulator":{"name":"hub"},"message":"Starting emulators: functions"}}
[debug] [2021-02-27T09:19:55.990Z] [hub] writing locator at C:\Users\IMYAMA~1\AppData\Local\Temp\hub-penelope-s-collectionz.json
[warn] !  functions: The following emulators are not running, calls to these services from the Functions emulator will affect production: auth, firestore, database, hosting, pubsub {"metadata":{"emulator":{"name":"functions"},"message":"The following emulators are not running, calls to these services from the Functions emulator will affect production: \u001b[1mauth, firestore, database, hosting, pubsub\u001b[22m"}}
[warn] !  Your requested "node" version "12" doesn't match your global version "15" {"metadata":{"emulator":{"name":"functions"},"message":"Your requested \"node\" version \"12\" doesn't match your global version \"15\""}}
[debug] [2021-02-27T09:19:56.060Z] defaultcredentials: writing to file C:\Users\imyamasawa\AppData\Roaming\firebase\ichiro_yamasawa.iics_ust.edu.ph_application_default_credentials.json
[debug] [2021-02-27T09:19:56.065Z] Setting GAC to C:\Users\imyamasawa\AppData\Roaming\firebase\ichiro_yamasawa.iics_ust.edu.ph_application_default_credentials.json {"metadata":{"emulator":{"name":"functions"},"message":"Setting GAC to C:\\Users\\imyamasawa\\AppData\\Roaming\\firebase\\ichiro_yamasawa.iics_ust.edu.ph_application_default_credentials.json"}}
[debug] [2021-02-27T09:19:56.068Z] > refreshing access token with scopes: []
[debug] [2021-02-27T09:19:56.069Z] >>> HTTP REQUEST POST https://www.googleapis.com/oauth2/v3/token  
 <request body omitted>
[debug] [2021-02-27T09:19:56.220Z] <<< HTTP RESPONSE 200 {"date":"Sat, 27 Feb 2021 09:19:57 GMT","pragma":"no-cache","expires":"Mon, 01 Jan 1990 00:00:00 GMT","cache-control":"no-cache, no-store, max-age=0, must-revalidate","content-type":"application/json; charset=utf-8","vary":"X-Origin, Referer, Origin,Accept-Encoding","server":"scaffolding on HTTPServer2","x-xss-protection":"0","x-frame-options":"SAMEORIGIN","x-content-type-options":"nosniff","alt-svc":"h3-29=\":443\"; ma=2592000,h3-T051=\":443\"; ma=2592000,h3-Q050=\":443\"; ma=2592000,h3-Q046=\":443\"; ma=2592000,h3-Q043=\":443\"; ma=2592000,quic=\":443\"; ma=2592000; v=\"46,43\"","accept-ranges":"none","transfer-encoding":"chunked"}
[debug] [2021-02-27T09:19:56.230Z] >>> [apiv2][query] GET https://firebase.googleapis.com/v1beta1/projects/penelope-s-collectionz/adminSdkConfig [none]
[debug] [2021-02-27T09:19:57.042Z] <<< [apiv2][status] GET https://firebase.googleapis.com/v1beta1/projects/penelope-s-collectionz/adminSdkConfig 200
[debug] [2021-02-27T09:19:57.043Z] <<< [apiv2][body] GET https://firebase.googleapis.com/v1beta1/projects/penelope-s-collectionz/adminSdkConfig {"projectId":"penelope-s-collectionz","storageBucket":"penelope-s-collectionz.appspot.com","locationId":"asia-southeast2"}
[info] i  ui: downloading ui-v1.4.2.zip... {"metadata":{"emulator":{"name":"ui"},"message":"downloading ui-v1.4.2.zip..."}}
[debug] [2021-02-27T09:19:57.104Z] >>> [apiv2][query] GET https://storage.googleapis.com/firebase-preview-drop/emulator/ui-v1.4.2.zip [none]
[debug] [2021-02-27T09:19:57.399Z] <<< [apiv2][status] GET https://storage.googleapis.com/firebase-preview-drop/emulator/ui-v1.4.2.zip 200
[debug] [2021-02-27T09:19:57.400Z] <<< [apiv2][body] GET https://storage.googleapis.com/firebase-preview-drop/emulator/ui-v1.4.2.zip [stream]
[debug] [2021-02-27T09:19:59.054Z] Ignoring unsupported arg: auto_download {"metadata":{"emulator":{"name":"ui"},"message":"Ignoring unsupported arg: auto_download"}}
[debug] [2021-02-27T09:19:59.054Z] Ignoring unsupported arg: port {"metadata":{"emulator":{"name":"ui"},"message":"Ignoring unsupported arg: port"}}
[debug] [2021-02-27T09:19:59.055Z] Starting Emulator UI with command {"binary":"node","args":["C:\\Users\\imyamasawa\\.cache\\firebase\\emulators\\ui-v1.4.2\\server.bundle.js"],"optionalArgs":[],"joinArgs":false} {"metadata":{"emulator":{"name":"ui"},"message":"Starting Emulator UI with command {\"binary\":\"node\",\"args\":[\"C:\\\\Users\\\\imyamasawa\\\\.cache\\\\firebase\\\\emulators\\\\ui-v1.4.2\\\\server.bundle.js\"],\"optionalArgs\":[],\"joinArgs\":false}"}}
[info] i  ui: Emulator UI logging to ui-debug.log {"metadata":{"emulator":{"name":"ui"},"message":"Emulator UI logging to \u001b[1mui-debug.log\u001b[22m"}}
[debug] [2021-02-27T09:19:59.299Z] Web / API server started at http://localhost:4000
 {"metadata":{"emulator":{"name":"ui"},"message":"Web / API server started at http://localhost:4000\n"}}
[info] i  functions: Watching "C:\Users\imyamasawa\Desktop\SoftwareEngineering2\Penelope-s-Collectionz\React\functions" for Cloud Functions... {"metadata":{"emulator":{"name":"functions"},"message":"Watching \"C:\\Users\\imyamasawa\\Desktop\\SoftwareEngineering2\\Penelope-s-Collectionz\\React\\functions\" for Cloud Functions..."}}
[debug] [2021-02-27T09:19:59.363Z] [worker-pool] addWorker(~diagnostic~) {"metadata":{"emulator":{"name":"functions"},"message":"[worker-pool] addWorker(~diagnostic~)"}}
[debug] [2021-02-27T09:19:59.364Z] [worker-pool] Adding worker with key ~diagnostic~, total=1 {"metadata":{"emulator":{"name":"functions"},"message":"[worker-pool] Adding worker with key ~diagnostic~, total=1"}}
[debug] [2021-02-27T09:19:59.364Z] [worker-pool] submitWork(triggerId=) {"metadata":{"emulator":{"name":"functions"},"message":"[worker-pool] submitWork(triggerId=)"}}
[debug] [2021-02-27T09:19:59.364Z] [worker-~diagnostic~-7df6f0b2-c0cb-4c66-baa6-5c541bcdf2f7]: Assigning socketPath: \\?\pipe\C:\Users\imyamasawa\Desktop\SoftwareEngineering2\Penelope-s-Collectionz\React\functions\20056 {"metadata":{"emulator":{"name":"functions"},"message":"[worker-~diagnostic~-7df6f0b2-c0cb-4c66-baa6-5c541bcdf2f7]: Assigning socketPath: \\\\?\\pipe\\C:\\Users\\imyamasawa\\Desktop\\SoftwareEngineering2\\Penelope-s-Collectionz\\React\\functions\\20056"}}
[debug] [2021-02-27T09:19:59.365Z] [worker-~diagnostic~-7df6f0b2-c0cb-4c66-baa6-5c541bcdf2f7]: BUSY {"metadata":{"emulator":{"name":"functions"},"message":"[worker-~diagnostic~-7df6f0b2-c0cb-4c66-baa6-5c541bcdf2f7]: BUSY"}}
[debug] [2021-02-27T09:19:59.724Z] [runtime-status] [20056] Functions runtime initialized. {"cwd":"C:\\Users\\imyamasawa\\Desktop\\SoftwareEngineering2\\Penelope-s-Collectionz\\React\\functions","node_version":"15.6.0"} {"metadata":{"emulator":{"name":"functions"},"message":"[runtime-status] [20056] Functions runtime initialized. {\"cwd\":\"C:\\\\Users\\\\imyamasawa\\\\Desktop\\\\SoftwareEngineering2\\\\Penelope-s-Collectionz\\\\React\\\\functions\",\"node_version\":\"15.6.0\"}"}}
[debug] [2021-02-27T09:19:59.725Z] [runtime-status] [20056] Disabled runtime features: undefined {"metadata":{"emulator":{"name":"functions"},"message":"[runtime-status] [20056] Disabled runtime features: undefined"}}
[debug] [2021-02-27T09:19:59.735Z] [runtime-status] [20056] Resolved module firebase-admin {"declared":true,"installed":true,"version":"9.5.0","resolution":"C:\\Users\\imyamasawa\\Desktop\\SoftwareEngineering2\\Penelope-s-Collectionz\\React\\functions\\node_modules\\firebase-admin\\lib\\index.js"} {"metadata":{"emulator":{"name":"functions"},"message":"[runtime-status] [20056] Resolved module firebase-admin {\"declared\":true,\"installed\":true,\"version\":\"9.5.0\",\"resolution\":\"C:\\\\Users\\\\imyamasawa\\\\Desktop\\\\SoftwareEngineering2\\\\Penelope-s-Collectionz\\\\React\\\\functions\\\\node_modules\\\\firebase-admin\\\\lib\\\\index.js\"}"}}
[debug] [2021-02-27T09:19:59.741Z] [runtime-status] [20056] Resolved module firebase-functions {"declared":true,"installed":true,"version":"3.13.2","resolution":"C:\\Users\\imyamasawa\\Desktop\\SoftwareEngineering2\\Penelope-s-Collectionz\\React\\functions\\node_modules\\firebase-functions\\lib\\index.js"} {"metadata":{"emulator":{"name":"functions"},"message":"[runtime-status] [20056] Resolved module firebase-functions {\"declared\":true,\"installed\":true,\"version\":\"3.13.2\",\"resolution\":\"C:\\\\Users\\\\imyamasawa\\\\Desktop\\\\SoftwareEngineering2\\\\Penelope-s-Collectionz\\\\React\\\\functions\\\\node_modules\\\\firebase-functions\\\\lib\\\\index.js\"}"}}
[debug] [2021-02-27T09:19:59.746Z] [runtime-status] [20056] Resolved module firebase-functions {"declared":true,"installed":true,"version":"3.13.2","resolution":"C:\\Users\\imyamasawa\\Desktop\\SoftwareEngineering2\\Penelope-s-Collectionz\\React\\functions\\node_modules\\firebase-functions\\lib\\index.js"} {"metadata":{"emulator":{"name":"functions"},"message":"[runtime-status] [20056] Resolved module firebase-functions {\"declared\":true,\"installed\":true,\"version\":\"3.13.2\",\"resolution\":\"C:\\\\Users\\\\imyamasawa\\\\Desktop\\\\SoftwareEngineering2\\\\Penelope-s-Collectionz\\\\React\\\\functions\\\\node_modules\\\\firebase-functions\\\\lib\\\\index.js\"}"}}
[debug] [2021-02-27T09:19:59.750Z] [runtime-status] [20056] Outgoing network have been stubbed. [{"name":"http","status":"mocked"},{"name":"http","status":"mocked"},{"name":"https","status":"mocked"},{"name":"https","status":"mocked"},{"name":"net","status":"mocked"}] {"metadata":{"emulator":{"name":"functions"},"message":"[runtime-status] [20056] Outgoing network have been stubbed. [{\"name\":\"http\",\"status\":\"mocked\"},{\"name\":\"http\",\"status\":\"mocked\"},{\"name\":\"https\",\"status\":\"mocked\"},{\"name\":\"https\",\"status\":\"mocked\"},{\"name\":\"net\",\"status\":\"mocked\"}]"}}
[debug] [2021-02-27T09:19:59.752Z] [runtime-status] [20056] Resolved module firebase-functions {"declared":true,"installed":true,"version":"3.13.2","resolution":"C:\\Users\\imyamasawa\\Desktop\\SoftwareEngineering2\\Penelope-s-Collectionz\\React\\functions\\node_modules\\firebase-functions\\lib\\index.js"} {"metadata":{"emulator":{"name":"functions"},"message":"[runtime-status] [20056] Resolved module firebase-functions {\"declared\":true,\"installed\":true,\"version\":\"3.13.2\",\"resolution\":\"C:\\\\Users\\\\imyamasawa\\\\Desktop\\\\SoftwareEngineering2\\\\Penelope-s-Collectionz\\\\React\\\\functions\\\\node_modules\\\\firebase-functions\\\\lib\\\\index.js\"}"}}
[debug] [2021-02-27T09:19:59.889Z] [runtime-status] [20056] Checked functions.config() {"config":{}} {"metadata":{"emulator":{"name":"functions"},"message":"[runtime-status] [20056] Checked functions.config() {\"config\":{}}"}}
[debug] [2021-02-27T09:19:59.889Z] [runtime-status] [20056] firebase-functions has been stubbed. {"functionsResolution":{"declared":true,"installed":true,"version":"3.13.2","resolution":"C:\\Users\\imyamasawa\\Desktop\\SoftwareEngineering2\\Penelope-s-Collectionz\\React\\functions\\node_modules\\firebase-functions\\lib\\index.js"}} {"metadata":{"emulator":{"name":"functions"},"message":"[runtime-status] [20056] firebase-functions has been stubbed. {\"functionsResolution\":{\"declared\":true,\"installed\":true,\"version\":\"3.13.2\",\"resolution\":\"C:\\\\Users\\\\imyamasawa\\\\Desktop\\\\SoftwareEngineering2\\\\Penelope-s-Collectionz\\\\React\\\\functions\\\\node_modules\\\\firebase-functions\\\\lib\\\\index.js\"}}"}}
[debug] [2021-02-27T09:19:59.890Z] [runtime-status] [20056] Resolved module firebase-functions {"declared":true,"installed":true,"version":"3.13.2","resolution":"C:\\Users\\imyamasawa\\Desktop\\SoftwareEngineering2\\Penelope-s-Collectionz\\React\\functions\\node_modules\\firebase-functions\\lib\\index.js"} {"metadata":{"emulator":{"name":"functions"},"message":"[runtime-status] [20056] Resolved module firebase-functions {\"declared\":true,\"installed\":true,\"version\":\"3.13.2\",\"resolution\":\"C:\\\\Users\\\\imyamasawa\\\\Desktop\\\\SoftwareEngineering2\\\\Penelope-s-Collectionz\\\\React\\\\functions\\\\node_modules\\\\firebase-functions\\\\lib\\\\index.js\"}"}}
[debug] [2021-02-27T09:19:59.892Z] [runtime-status] [20056] Resolved module firebase-admin {"declared":true,"installed":true,"version":"9.5.0","resolution":"C:\\Users\\imyamasawa\\Desktop\\SoftwareEngineering2\\Penelope-s-Collectionz\\React\\functions\\node_modules\\firebase-admin\\lib\\index.js"} {"metadata":{"emulator":{"name":"functions"},"message":"[runtime-status] [20056] Resolved module firebase-admin {\"declared\":true,\"installed\":true,\"version\":\"9.5.0\",\"resolution\":\"C:\\\\Users\\\\imyamasawa\\\\Desktop\\\\SoftwareEngineering2\\\\Penelope-s-Collectionz\\\\React\\\\functions\\\\node_modules\\\\firebase-admin\\\\lib\\\\index.js\"}"}}
[debug] [2021-02-27T09:19:59.893Z] [runtime-status] [20056] Resolved module firebase-functions {"declared":true,"installed":true,"version":"3.13.2","resolution":"C:\\Users\\imyamasawa\\Desktop\\SoftwareEngineering2\\Penelope-s-Collectionz\\React\\functions\\node_modules\\firebase-functions\\lib\\index.js"} {"metadata":{"emulator":{"name":"functions"},"message":"[runtime-status] [20056] Resolved module firebase-functions {\"declared\":true,\"installed\":true,\"version\":\"3.13.2\",\"resolution\":\"C:\\\\Users\\\\imyamasawa\\\\Desktop\\\\SoftwareEngineering2\\\\Penelope-s-Collectionz\\\\React\\\\functions\\\\node_modules\\\\firebase-functions\\\\lib\\\\index.js\"}"}}
[debug] [2021-02-27T09:19:59.893Z] [runtime-status] [20056] firebase-admin has been stubbed. {"adminResolution":{"declared":true,"installed":true,"version":"9.5.0","resolution":"C:\\Users\\imyamasawa\\Desktop\\SoftwareEngineering2\\Penelope-s-Collectionz\\React\\functions\\node_modules\\firebase-admin\\lib\\index.js"}} {"metadata":{"emulator":{"name":"functions"},"message":"[runtime-status] [20056] firebase-admin has been stubbed. {\"adminResolution\":{\"declared\":true,\"installed\":true,\"version\":\"9.5.0\",\"resolution\":\"C:\\\\Users\\\\imyamasawa\\\\Desktop\\\\SoftwareEngineering2\\\\Penelope-s-Collectionz\\\\React\\\\functions\\\\node_modules\\\\firebase-admin\\\\lib\\\\index.js\"}}"}}
[info] +  functions[api]: http function initialized (http://localhost:5001/penelope-s-collectionz/us-central1/api). {"metadata":{"emulator":{"name":"functions"},"message":"\u001b[1mhttp\u001b[22m function initialized (http://localhost:5001/penelope-s-collectionz/us-central1/api)."}}
[info] 
┌─────────────────────────────────────────────────────────────┐
│ ✔  All emulators ready! It is now safe to connect your app. │
│ i  View Emulator UI at http://localhost:4000                │
└─────────────────────────────────────────────────────────────┘

┌───────────┬────────────────┬─────────────────────────────────┐
│ Emulator  │ Host:Port      │ View in Emulator UI             │
├───────────┼────────────────┼─────────────────────────────────┤
│ Functions │ localhost:5001 │ http://localhost:4000/functions │
└───────────┴────────────────┴─────────────────────────────────┘
  Emulator Hub running at localhost:4400
  Other reserved ports: 4500

Issues? Report them at https://github.com/firebase/firebase-tools/issues and attach the *-debug.log files.
 
[debug] [2021-02-27T09:20:00.354Z] [worker-~diagnostic~-7df6f0b2-c0cb-4c66-baa6-5c541bcdf2f7]: IDLE {"metadata":{"emulator":{"name":"functions"},"message":"[worker-~diagnostic~-7df6f0b2-c0cb-4c66-baa6-5c541bcdf2f7]: IDLE"}}
[debug] [2021-02-27T09:20:53.241Z] [work-queue] {"queueLength":1,"workRunningCount":0}
[debug] [2021-02-27T09:20:53.242Z] [work-queue] {"queueLength":0,"workRunningCount":1}
[debug] [2021-02-27T09:20:53.242Z] Accepted request GET /penelope-s-collectionz/us-central1/api --> api
[debug] [2021-02-27T09:20:53.250Z] [worker-pool] addWorker(api) {"metadata":{"emulator":{"name":"functions"},"message":"[worker-pool] addWorker(api)"}}
[debug] [2021-02-27T09:20:53.251Z] [worker-pool] Adding worker with key api, total=1 {"metadata":{"emulator":{"name":"functions"},"message":"[worker-pool] Adding worker with key api, total=1"}}
[debug] [2021-02-27T09:20:53.251Z] [worker-pool] submitWork(triggerId=api) {"metadata":{"emulator":{"name":"functions"},"message":"[worker-pool] submitWork(triggerId=api)"}}
[debug] [2021-02-27T09:20:53.251Z] [worker-api-eb91f3d5-3d89-4cd4-93e8-831859b38924]: Assigning socketPath: \\?\pipe\C:\Users\imyamasawa\Desktop\SoftwareEngineering2\Penelope-s-Collectionz\React\functions\2216 {"metadata":{"emulator":{"name":"functions"},"message":"[worker-api-eb91f3d5-3d89-4cd4-93e8-831859b38924]: Assigning socketPath: \\\\?\\pipe\\C:\\Users\\imyamasawa\\Desktop\\SoftwareEngineering2\\Penelope-s-Collectionz\\React\\functions\\2216"}}
[debug] [2021-02-27T09:20:53.251Z] [worker-api-eb91f3d5-3d89-4cd4-93e8-831859b38924]: BUSY {"metadata":{"emulator":{"name":"functions"},"message":"[worker-api-eb91f3d5-3d89-4cd4-93e8-831859b38924]: BUSY"}}
[debug] [2021-02-27T09:20:53.570Z] [runtime-status] [2216] Functions runtime initialized. {"cwd":"C:\\Users\\imyamasawa\\Desktop\\SoftwareEngineering2\\Penelope-s-Collectionz\\React\\functions","node_version":"15.6.0"} {"metadata":{"emulator":{"name":"functions"},"function":{"name":"api"},"message":"[runtime-status] [2216] Functions runtime initialized. {\"cwd\":\"C:\\\\Users\\\\imyamasawa\\\\Desktop\\\\SoftwareEngineering2\\\\Penelope-s-Collectionz\\\\React\\\\functions\",\"node_version\":\"15.6.0\"}"}}
[debug] [2021-02-27T09:20:53.572Z] [runtime-status] [2216] Disabled runtime features: undefined {"metadata":{"emulator":{"name":"functions"},"function":{"name":"api"},"message":"[runtime-status] [2216] Disabled runtime features: undefined"}}
[debug] [2021-02-27T09:20:53.581Z] [runtime-status] [2216] Resolved module firebase-admin {"declared":true,"installed":true,"version":"9.5.0","resolution":"C:\\Users\\imyamasawa\\Desktop\\SoftwareEngineering2\\Penelope-s-Collectionz\\React\\functions\\node_modules\\firebase-admin\\lib\\index.js"} {"metadata":{"emulator":{"name":"functions"},"function":{"name":"api"},"message":"[runtime-status] [2216] Resolved module firebase-admin {\"declared\":true,\"installed\":true,\"version\":\"9.5.0\",\"resolution\":\"C:\\\\Users\\\\imyamasawa\\\\Desktop\\\\SoftwareEngineering2\\\\Penelope-s-Collectionz\\\\React\\\\functions\\\\node_modules\\\\firebase-admin\\\\lib\\\\index.js\"}"}}
[debug] [2021-02-27T09:20:53.584Z] [runtime-status] [2216] Resolved module firebase-functions {"declared":true,"installed":true,"version":"3.13.2","resolution":"C:\\Users\\imyamasawa\\Desktop\\SoftwareEngineering2\\Penelope-s-Collectionz\\React\\functions\\node_modules\\firebase-functions\\lib\\index.js"} {"metadata":{"emulator":{"name":"functions"},"function":{"name":"api"},"message":"[runtime-status] [2216] Resolved module firebase-functions {\"declared\":true,\"installed\":true,\"version\":\"3.13.2\",\"resolution\":\"C:\\\\Users\\\\imyamasawa\\\\Desktop\\\\SoftwareEngineering2\\\\Penelope-s-Collectionz\\\\React\\\\functions\\\\node_modules\\\\firebase-functions\\\\lib\\\\index.js\"}"}}
[debug] [2021-02-27T09:20:53.587Z] [runtime-status] [2216] Resolved module firebase-functions {"declared":true,"installed":true,"version":"3.13.2","resolution":"C:\\Users\\imyamasawa\\Desktop\\SoftwareEngineering2\\Penelope-s-Collectionz\\React\\functions\\node_modules\\firebase-functions\\lib\\index.js"} {"metadata":{"emulator":{"name":"functions"},"function":{"name":"api"},"message":"[runtime-status] [2216] Resolved module firebase-functions {\"declared\":true,\"installed\":true,\"version\":\"3.13.2\",\"resolution\":\"C:\\\\Users\\\\imyamasawa\\\\Desktop\\\\SoftwareEngineering2\\\\Penelope-s-Collectionz\\\\React\\\\functions\\\\node_modules\\\\firebase-functions\\\\lib\\\\index.js\"}"}}
[debug] [2021-02-27T09:20:53.590Z] [runtime-status] [2216] Outgoing network have been stubbed. [{"name":"http","status":"mocked"},{"name":"http","status":"mocked"},{"name":"https","status":"mocked"},{"name":"https","status":"mocked"},{"name":"net","status":"mocked"}] {"metadata":{"emulator":{"name":"functions"},"function":{"name":"api"},"message":"[runtime-status] [2216] Outgoing network have been stubbed. [{\"name\":\"http\",\"status\":\"mocked\"},{\"name\":\"http\",\"status\":\"mocked\"},{\"name\":\"https\",\"status\":\"mocked\"},{\"name\":\"https\",\"status\":\"mocked\"},{\"name\":\"net\",\"status\":\"mocked\"}]"}}
[debug] [2021-02-27T09:20:53.591Z] [runtime-status] [2216] Resolved module firebase-functions {"declared":true,"installed":true,"version":"3.13.2","resolution":"C:\\Users\\imyamasawa\\Desktop\\SoftwareEngineering2\\Penelope-s-Collectionz\\React\\functions\\node_modules\\firebase-functions\\lib\\index.js"} {"metadata":{"emulator":{"name":"functions"},"function":{"name":"api"},"message":"[runtime-status] [2216] Resolved module firebase-functions {\"declared\":true,\"installed\":true,\"version\":\"3.13.2\",\"resolution\":\"C:\\\\Users\\\\imyamasawa\\\\Desktop\\\\SoftwareEngineering2\\\\Penelope-s-Collectionz\\\\React\\\\functions\\\\node_modules\\\\firebase-functions\\\\lib\\\\index.js\"}"}}
[debug] [2021-02-27T09:20:53.678Z] [runtime-status] [2216] Checked functions.config() {"config":{}} {"metadata":{"emulator":{"name":"functions"},"function":{"name":"api"},"message":"[runtime-status] [2216] Checked functions.config() {\"config\":{}}"}}
[debug] [2021-02-27T09:20:53.679Z] [runtime-status] [2216] firebase-functions has been stubbed. {"functionsResolution":{"declared":true,"installed":true,"version":"3.13.2","resolution":"C:\\Users\\imyamasawa\\Desktop\\SoftwareEngineering2\\Penelope-s-Collectionz\\React\\functions\\node_modules\\firebase-functions\\lib\\index.js"}} {"metadata":{"emulator":{"name":"functions"},"function":{"name":"api"},"message":"[runtime-status] [2216] firebase-functions has been stubbed. {\"functionsResolution\":{\"declared\":true,\"installed\":true,\"version\":\"3.13.2\",\"resolution\":\"C:\\\\Users\\\\imyamasawa\\\\Desktop\\\\SoftwareEngineering2\\\\Penelope-s-Collectionz\\\\React\\\\functions\\\\node_modules\\\\firebase-functions\\\\lib\\\\index.js\"}}"}}
[debug] [2021-02-27T09:20:53.679Z] [runtime-status] [2216] Resolved module firebase-functions {"declared":true,"installed":true,"version":"3.13.2","resolution":"C:\\Users\\imyamasawa\\Desktop\\SoftwareEngineering2\\Penelope-s-Collectionz\\React\\functions\\node_modules\\firebase-functions\\lib\\index.js"} {"metadata":{"emulator":{"name":"functions"},"function":{"name":"api"},"message":"[runtime-status] [2216] Resolved module firebase-functions {\"declared\":true,\"installed\":true,\"version\":\"3.13.2\",\"resolution\":\"C:\\\\Users\\\\imyamasawa\\\\Desktop\\\\SoftwareEngineering2\\\\Penelope-s-Collectionz\\\\React\\\\functions\\\\node_modules\\\\firebase-functions\\\\lib\\\\index.js\"}"}}
[debug] [2021-02-27T09:20:53.681Z] [runtime-status] [2216] Resolved module firebase-admin {"declared":true,"installed":true,"version":"9.5.0","resolution":"C:\\Users\\imyamasawa\\Desktop\\SoftwareEngineering2\\Penelope-s-Collectionz\\React\\functions\\node_modules\\firebase-admin\\lib\\index.js"} {"metadata":{"emulator":{"name":"functions"},"function":{"name":"api"},"message":"[runtime-status] [2216] Resolved module firebase-admin {\"declared\":true,\"installed\":true,\"version\":\"9.5.0\",\"resolution\":\"C:\\\\Users\\\\imyamasawa\\\\Desktop\\\\SoftwareEngineering2\\\\Penelope-s-Collectionz\\\\React\\\\functions\\\\node_modules\\\\firebase-admin\\\\lib\\\\index.js\"}"}}
[debug] [2021-02-27T09:20:53.682Z] [runtime-status] [2216] Resolved module firebase-functions {"declared":true,"installed":true,"version":"3.13.2","resolution":"C:\\Users\\imyamasawa\\Desktop\\SoftwareEngineering2\\Penelope-s-Collectionz\\React\\functions\\node_modules\\firebase-functions\\lib\\index.js"} {"metadata":{"emulator":{"name":"functions"},"function":{"name":"api"},"message":"[runtime-status] [2216] Resolved module firebase-functions {\"declared\":true,\"installed\":true,\"version\":\"3.13.2\",\"resolution\":\"C:\\\\Users\\\\imyamasawa\\\\Desktop\\\\SoftwareEngineering2\\\\Penelope-s-Collectionz\\\\React\\\\functions\\\\node_modules\\\\firebase-functions\\\\lib\\\\index.js\"}"}}
[debug] [2021-02-27T09:20:53.683Z] [runtime-status] [2216] firebase-admin has been stubbed. {"adminResolution":{"declared":true,"installed":true,"version":"9.5.0","resolution":"C:\\Users\\imyamasawa\\Desktop\\SoftwareEngineering2\\Penelope-s-Collectionz\\React\\functions\\node_modules\\firebase-admin\\lib\\index.js"}} {"metadata":{"emulator":{"name":"functions"},"function":{"name":"api"},"message":"[runtime-status] [2216] firebase-admin has been stubbed. {\"adminResolution\":{\"declared\":true,\"installed\":true,\"version\":\"9.5.0\",\"resolution\":\"C:\\\\Users\\\\imyamasawa\\\\Desktop\\\\SoftwareEngineering2\\\\Penelope-s-Collectionz\\\\React\\\\functions\\\\node_modules\\\\firebase-admin\\\\lib\\\\index.js\"}}"}}
[debug] [2021-02-27T09:20:53.934Z] [runtime-status] [2216] Trigger "api" has been found, beginning invocation! {"metadata":{"emulator":{"name":"functions"},"function":{"name":"api"},"message":"[runtime-status] [2216] Trigger \"api\" has been found, beginning invocation!"}}
[info] i  functions: Beginning execution of "api" {"metadata":{"emulator":{"name":"functions"},"function":{"name":"api"},"message":"Beginning execution of \"api\""}}
[debug] [2021-02-27T09:20:53.937Z] [runtime-status] [2216] triggerDefinition {"httpsTrigger":{},"name":"api","entryPoint":"api"} {"metadata":{"emulator":{"name":"functions"},"function":{"name":"api"},"message":"[runtime-status] [2216] triggerDefinition {\"httpsTrigger\":{},\"name\":\"api\",\"entryPoint\":\"api\"}"}}
[debug] [2021-02-27T09:20:53.937Z] [runtime-status] [2216] Running api in mode HTTPS {"metadata":{"emulator":{"name":"functions"},"function":{"name":"api"},"message":"[runtime-status] [2216] Running api in mode HTTPS"}}
[debug] [2021-02-27T09:20:53.942Z] [runtime-status] [2216] Attempting to listen to socketPath: \\?\pipe\C:\Users\imyamasawa\Desktop\SoftwareEngineering2\Penelope-s-Collectionz\React\functions\2216 {"metadata":{"emulator":{"name":"functions"},"function":{"name":"api"},"message":"[runtime-status] [2216] Attempting to listen to socketPath: \\\\?\\pipe\\C:\\Users\\imyamasawa\\Desktop\\SoftwareEngineering2\\Penelope-s-Collectionz\\React\\functions\\2216"}}
[debug] [2021-02-27T09:20:53.947Z] [functions] Runtime ready! Sending request! {"metadata":{"emulator":{"name":"functions"},"message":"[functions] Runtime ready! Sending request!"}}
[debug] [2021-02-27T09:20:53.949Z] [functions] Got req.url=/penelope-s-collectionz/us-central1/api, mapping to path=/ {"metadata":{"emulator":{"name":"functions"},"message":"[functions] Got req.url=/penelope-s-collectionz/us-central1/api, mapping to path=/"}}
[debug] [2021-02-27T09:20:53.965Z] [runtime-status] [2216] Ephemeral server handling GET request {"metadata":{"emulator":{"name":"functions"},"function":{"name":"api"},"message":"[runtime-status] [2216] Ephemeral server handling GET request"}}
[debug] [2021-02-27T09:20:53.978Z] [runtime-status] [2216] Ephemeral server survived. {"metadata":{"emulator":{"name":"functions"},"function":{"name":"api"},"message":"[runtime-status] [2216] Ephemeral server survived."}}
[info] i  functions: Finished "api" in ~1s {"metadata":{"emulator":{"name":"functions"},"function":{"name":"api"},"message":"Finished \"api\" in ~1s"}}
[debug] [2021-02-27T09:20:53.985Z] [worker-api-eb91f3d5-3d89-4cd4-93e8-831859b38924]: IDLE {"metadata":{"emulator":{"name":"functions"},"message":"[worker-api-eb91f3d5-3d89-4cd4-93e8-831859b38924]: IDLE"}}
[debug] [2021-02-27T09:20:53.986Z] [work-queue] {"queueLength":0,"workRunningCount":0}
[debug] [2021-02-27T09:20:54.577Z] Functions emulator received unknown request at path /favicon.ico
[debug] [2021-02-27T09:21:02.399Z] [work-queue] {"queueLength":1,"workRunningCount":0}
[debug] [2021-02-27T09:21:02.399Z] [work-queue] {"queueLength":0,"workRunningCount":1}
[debug] [2021-02-27T09:21:02.400Z] Accepted request GET /penelope-s-collectionz/us-central1/api --> api
[debug] [2021-02-27T09:21:02.400Z] [worker-pool] submitWork(triggerId=api) {"metadata":{"emulator":{"name":"functions"},"message":"[worker-pool] submitWork(triggerId=api)"}}
[debug] [2021-02-27T09:21:02.401Z] [worker-api-eb91f3d5-3d89-4cd4-93e8-831859b38924]: Assigning socketPath: \\?\pipe\C:\Users\imyamasawa\Desktop\SoftwareEngineering2\Penelope-s-Collectionz\React\functions\2216 {"metadata":{"emulator":{"name":"functions"},"message":"[worker-api-eb91f3d5-3d89-4cd4-93e8-831859b38924]: Assigning socketPath: \\\\?\\pipe\\C:\\Users\\imyamasawa\\Desktop\\SoftwareEngineering2\\Penelope-s-Collectionz\\React\\functions\\2216"}}
[debug] [2021-02-27T09:21:02.401Z] [worker-api-eb91f3d5-3d89-4cd4-93e8-831859b38924]: BUSY {"metadata":{"emulator":{"name":"functions"},"message":"[worker-api-eb91f3d5-3d89-4cd4-93e8-831859b38924]: BUSY"}}
[debug] [2021-02-27T09:21:02.403Z] [runtime-status] [2216] Trigger "api" has been found, beginning invocation! {"metadata":{"emulator":{"name":"functions"},"function":{"name":"api"},"message":"[runtime-status] [2216] Trigger \"api\" has been found, beginning invocation!"}}
[info] i  functions: Beginning execution of "api" {"metadata":{"emulator":{"name":"functions"},"function":{"name":"api"},"message":"Beginning execution of \"api\""}}
[debug] [2021-02-27T09:21:02.417Z] [runtime-status] [2216] triggerDefinition {"httpsTrigger":{},"name":"api","entryPoint":"api"} {"metadata":{"emulator":{"name":"functions"},"function":{"name":"api"},"message":"[runtime-status] [2216] triggerDefinition {\"httpsTrigger\":{},\"name\":\"api\",\"entryPoint\":\"api\"}"}}
[debug] [2021-02-27T09:21:02.418Z] [runtime-status] [2216] Running api in mode HTTPS {"metadata":{"emulator":{"name":"functions"},"function":{"name":"api"},"message":"[runtime-status] [2216] Running api in mode HTTPS"}}
[debug] [2021-02-27T09:21:02.419Z] [runtime-status] [2216] Attempting to listen to socketPath: \\?\pipe\C:\Users\imyamasawa\Desktop\SoftwareEngineering2\Penelope-s-Collectionz\React\functions\2216 {"metadata":{"emulator":{"name":"functions"},"function":{"name":"api"},"message":"[runtime-status] [2216] Attempting to listen to socketPath: \\\\?\\pipe\\C:\\Users\\imyamasawa\\Desktop\\SoftwareEngineering2\\Penelope-s-Collectionz\\React\\functions\\2216"}}
[debug] [2021-02-27T09:21:02.422Z] [functions] Runtime ready! Sending request! {"metadata":{"emulator":{"name":"functions"},"message":"[functions] Runtime ready! Sending request!"}}
[debug] [2021-02-27T09:21:02.423Z] [functions] Got req.url=/penelope-s-collectionz/us-central1/api, mapping to path=/ {"metadata":{"emulator":{"name":"functions"},"message":"[functions] Got req.url=/penelope-s-collectionz/us-central1/api, mapping to path=/"}}
[debug] [2021-02-27T09:21:02.428Z] [runtime-status] [2216] Ephemeral server handling GET request {"metadata":{"emulator":{"name":"functions"},"function":{"name":"api"},"message":"[runtime-status] [2216] Ephemeral server handling GET request"}}
[debug] [2021-02-27T09:21:02.431Z] [runtime-status] [2216] Ephemeral server survived. {"metadata":{"emulator":{"name":"functions"},"function":{"name":"api"},"message":"[runtime-status] [2216] Ephemeral server survived."}}
[info] i  functions: Finished "api" in ~1s {"metadata":{"emulator":{"name":"functions"},"function":{"name":"api"},"message":"Finished \"api\" in ~1s"}}
[debug] [2021-02-27T09:21:02.447Z] [worker-api-eb91f3d5-3d89-4cd4-93e8-831859b38924]: IDLE {"metadata":{"emulator":{"name":"functions"},"message":"[worker-api-eb91f3d5-3d89-4cd4-93e8-831859b38924]: IDLE"}}
[debug] [2021-02-27T09:21:02.447Z] [work-queue] {"queueLength":0,"workRunningCount":0}
